<?xml version="1.0" encoding="UTF-8"?>
<!-- Generated by org.testng.reporters.JUnitReportReporter -->
<testsuite hostname="DESKTOP-JM7Q39K" failures="0" tests="1" name="com.invic.testcases.MaterialSubCategory" time="20.117" errors="0" timestamp="26 Feb 2023 17:01:36 GMT" skipped="0">
  <testcase classname="com.invic.testcases.MaterialSubCategory" name="subsearch" time="20.117"/>
</testsuite> <!-- com.invic.testcases.MaterialSubCategory -->
