<?xml version="1.0" encoding="UTF-8"?>
<!-- Generated by org.testng.reporters.JUnitReportReporter -->
<testsuite hostname="DESKTOP-JM7Q39K" failures="0" tests="1" name="com.invic.testcases.UsersTescases" time="17.202" errors="0" timestamp="26 Feb 2023 14:36:23 GMT" skipped="0">
  <testcase classname="com.invic.testcases.UsersTescases" name="user" time="17.202"/>
</testsuite> <!-- com.invic.testcases.UsersTescases -->
