<?xml version="1.0" encoding="UTF-8"?>
<!-- Generated by org.testng.reporters.JUnitReportReporter -->
<testsuite hostname="DESKTOP-JM7Q39K" failures="0" tests="1" name="com.invic.testcases.EquipmentSearch" time="18.715" errors="0" timestamp="26 Feb 2023 03:06:28 GMT" skipped="0">
  <testcase classname="com.invic.testcases.EquipmentSearch" name="multiplesearch" time="18.715"/>
</testsuite> <!-- com.invic.testcases.EquipmentSearch -->
