<?xml version="1.0" encoding="UTF-8"?>
<!-- Generated by org.testng.reporters.JUnitReportReporter -->
<testsuite hostname="DESKTOP-JM7Q39K" failures="0" tests="1" name="com.invic.testcases.SourceSearch" time="10.274" errors="0" timestamp="26 Feb 2023 13:33:25 GMT" skipped="0">
  <testcase classname="com.invic.testcases.SourceSearch" name="sourcesearch" time="10.274"/>
</testsuite> <!-- com.invic.testcases.SourceSearch -->
