<?xml version="1.0" encoding="UTF-8"?>
<!-- Generated by org.testng.reporters.JUnitReportReporter -->
<testsuite hostname="DESKTOP-JM7Q39K" failures="0" tests="1" name="com.invic.testcases.MaterialMainCategory" time="19.859" errors="0" timestamp="26 Feb 2023 16:20:34 GMT" skipped="0">
  <testcase classname="com.invic.testcases.MaterialMainCategory" name="materialsearch" time="19.859"/>
</testsuite> <!-- com.invic.testcases.MaterialMainCategory -->
