<?xml version="1.0" encoding="UTF-8"?>
<!-- Generated by org.testng.reporters.JUnitReportReporter -->
<testsuite hostname="DESKTOP-JM7Q39K" failures="0" tests="1" name="com.invic.testcases.PlantEquipment" time="19.850" errors="0" timestamp="26 Feb 2023 08:15:13 GMT" skipped="0">
  <testcase classname="com.invic.testcases.PlantEquipment" name="search" time="19.850"/>
</testsuite> <!-- com.invic.testcases.PlantEquipment -->
